{
  "stats": {
    "suites": 1,
    "tests": 2,
    "passes": 1,
    "pending": 0,
    "failures": 1,
    "start": "2017-04-08T23:11:28.725Z",
    "end": "2017-04-08T23:11:29.040Z",
    "duration": 315,
    "testsRegistered": 2,
    "passPercent": 50,
    "pendingPercent": 0,
    "other": 0,
    "hasOther": false,
    "skipped": 0,
    "hasSkipped": false,
    "passPercentClass": "danger",
    "pendingPercentClass": "danger"
  },
  "suites": {
    "title": "",
    "suites": [
      {
        "title": "Testing a demo function",
        "suites": [],
        "tests": [
          {
            "title": "Lets see",
            "fullTitle": "Testing a demo function Lets see",
            "timedOut": false,
            "duration": 1,
            "state": "passed",
            "speed": "fast",
            "pass": true,
            "fail": false,
            "pending": false,
            "code": "var foo = 'yolo';\nvar action = actionCreator.testingPractice(foo);\nexpect(action).to.equal(foo);",
            "err": {},
            "isRoot": false,
            "uuid": "c757b55a-335b-4cf3-b61a-f630ad9be00a",
            "parentUUID": "0599dcfc-8ebc-4ee6-b1ea-f128af9f07f2",
            "skipped": false
          },
          {
            "title": "Test Login Api",
            "fullTitle": "Testing a demo function Test Login Api",
            "timedOut": false,
            "duration": 3,
            "state": "failed",
            "pass": false,
            "fail": true,
            "pending": false,
            "code": "expect(\"action\").to.equal(\"foo\");",
            "err": {
              "name": "AssertionError",
              "message": "expected 'action' to equal 'foo'",
              "showDiff": true,
              "actual": "action",
              "expected": "foo",
              "estack": "AssertionError: expected 'action' to equal 'foo'\n    at Context.<anonymous> (shared/tests/mocha-tests/actions.spec.js:16:29)",
              "diff": "- action\n+ foo\n",
              "stack": "AssertionError: expected 'action' to equal 'foo'\n    at Context.<anonymous> (shared/tests/mocha-tests/actions.spec.js:16:29)"
            },
            "isRoot": false,
            "uuid": "ffa843a6-976b-4328-8f38-ac05fb1c5897",
            "parentUUID": "0599dcfc-8ebc-4ee6-b1ea-f128af9f07f2",
            "skipped": false
          }
        ],
        "pending": [],
        "root": false,
        "_timeout": 2000,
        "file": "/shared/tests/mocha-tests/actions.spec.js",
        "uuid": "0599dcfc-8ebc-4ee6-b1ea-f128af9f07f2",
        "fullFile": "/home/coder/Projects/KiboEngage/shared/tests/mocha-tests/actions.spec.js",
        "passes": [
          {
            "title": "Lets see",
            "fullTitle": "Testing a demo function Lets see",
            "timedOut": false,
            "duration": 1,
            "state": "passed",
            "speed": "fast",
            "pass": true,
            "fail": false,
            "pending": false,
            "code": "var foo = 'yolo';\nvar action = actionCreator.testingPractice(foo);\nexpect(action).to.equal(foo);",
            "err": {},
            "isRoot": false,
            "uuid": "c757b55a-335b-4cf3-b61a-f630ad9be00a",
            "parentUUID": "0599dcfc-8ebc-4ee6-b1ea-f128af9f07f2",
            "skipped": false
          }
        ],
        "failures": [
          {
            "title": "Test Login Api",
            "fullTitle": "Testing a demo function Test Login Api",
            "timedOut": false,
            "duration": 3,
            "state": "failed",
            "pass": false,
            "fail": true,
            "pending": false,
            "code": "expect(\"action\").to.equal(\"foo\");",
            "err": {
              "name": "AssertionError",
              "message": "expected 'action' to equal 'foo'",
              "showDiff": true,
              "actual": "action",
              "expected": "foo",
              "estack": "AssertionError: expected 'action' to equal 'foo'\n    at Context.<anonymous> (shared/tests/mocha-tests/actions.spec.js:16:29)",
              "diff": "- action\n+ foo\n",
              "stack": "AssertionError: expected 'action' to equal 'foo'\n    at Context.<anonymous> (shared/tests/mocha-tests/actions.spec.js:16:29)"
            },
            "isRoot": false,
            "uuid": "ffa843a6-976b-4328-8f38-ac05fb1c5897",
            "parentUUID": "0599dcfc-8ebc-4ee6-b1ea-f128af9f07f2",
            "skipped": false
          }
        ],
        "skipped": [],
        "hasTests": true,
        "hasSuites": false,
        "totalTests": 2,
        "totalPasses": 1,
        "totalFailures": 1,
        "totalPending": 0,
        "totalSkipped": 0,
        "hasPasses": true,
        "hasFailures": true,
        "hasPending": false,
        "hasSkipped": false,
        "duration": 4,
        "rootEmpty": false
      }
    ],
    "tests": [],
    "pending": [],
    "root": true,
    "_timeout": 2000,
    "uuid": "261d2474-8942-41e7-b90c-878f5074d001",
    "fullFile": "",
    "file": "",
    "passes": [],
    "failures": [],
    "skipped": [],
    "hasTests": false,
    "hasSuites": true,
    "totalTests": 0,
    "totalPasses": 0,
    "totalFailures": 0,
    "totalPending": 0,
    "totalSkipped": 0,
    "hasPasses": false,
    "hasFailures": false,
    "hasPending": false,
    "hasSkipped": false,
    "duration": 0,
    "rootEmpty": true
  },
  "allTests": [
    {
      "title": "Lets see",
      "fullTitle": "Testing a demo function Lets see",
      "timedOut": false,
      "duration": 1,
      "state": "passed",
      "speed": "fast",
      "pass": true,
      "fail": false,
      "pending": false,
      "code": "var foo = 'yolo';\nvar action = actionCreator.testingPractice(foo);\nexpect(action).to.equal(foo);",
      "err": {},
      "isRoot": false,
      "uuid": "c757b55a-335b-4cf3-b61a-f630ad9be00a",
      "parentUUID": "0599dcfc-8ebc-4ee6-b1ea-f128af9f07f2",
      "skipped": false
    },
    {
      "title": "Test Login Api",
      "fullTitle": "Testing a demo function Test Login Api",
      "timedOut": false,
      "duration": 3,
      "state": "failed",
      "pass": false,
      "fail": true,
      "pending": false,
      "code": "expect(\"action\").to.equal(\"foo\");",
      "err": {
        "name": "AssertionError",
        "message": "expected 'action' to equal 'foo'",
        "showDiff": true,
        "actual": "action",
        "expected": "foo",
        "estack": "AssertionError: expected 'action' to equal 'foo'\n    at Context.<anonymous> (shared/tests/mocha-tests/actions.spec.js:16:29)",
        "diff": "- action\n+ foo\n",
        "stack": "AssertionError: expected 'action' to equal 'foo'\n    at Context.<anonymous> (shared/tests/mocha-tests/actions.spec.js:16:29)"
      },
      "isRoot": false,
      "uuid": "ffa843a6-976b-4328-8f38-ac05fb1c5897",
      "parentUUID": "0599dcfc-8ebc-4ee6-b1ea-f128af9f07f2",
      "skipped": false
    }
  ],
  "allPending": [],
  "allPasses": [
    {
      "title": "Lets see",
      "fullTitle": "Testing a demo function Lets see",
      "timedOut": false,
      "duration": 1,
      "state": "passed",
      "speed": "fast",
      "pass": true,
      "fail": false,
      "pending": false,
      "code": "var foo = 'yolo';\nvar action = actionCreator.testingPractice(foo);\nexpect(action).to.equal(foo);",
      "err": {},
      "isRoot": false,
      "uuid": "c757b55a-335b-4cf3-b61a-f630ad9be00a",
      "parentUUID": "0599dcfc-8ebc-4ee6-b1ea-f128af9f07f2",
      "skipped": false
    }
  ],
  "allFailures": [
    {
      "title": "Test Login Api",
      "fullTitle": "Testing a demo function Test Login Api",
      "timedOut": false,
      "duration": 3,
      "state": "failed",
      "pass": false,
      "fail": true,
      "pending": false,
      "code": "expect(\"action\").to.equal(\"foo\");",
      "err": {
        "name": "AssertionError",
        "message": "expected 'action' to equal 'foo'",
        "showDiff": true,
        "actual": "action",
        "expected": "foo",
        "estack": "AssertionError: expected 'action' to equal 'foo'\n    at Context.<anonymous> (shared/tests/mocha-tests/actions.spec.js:16:29)",
        "diff": "- action\n+ foo\n",
        "stack": "AssertionError: expected 'action' to equal 'foo'\n    at Context.<anonymous> (shared/tests/mocha-tests/actions.spec.js:16:29)"
      },
      "isRoot": false,
      "uuid": "ffa843a6-976b-4328-8f38-ac05fb1c5897",
      "parentUUID": "0599dcfc-8ebc-4ee6-b1ea-f128af9f07f2",
      "skipped": false
    }
  ],
  "copyrightYear": 2017
}